$PSCMSM2,133237.00,V,DVTLAM,1,A,1.56,15*1C
$PSCMSM2,133237.00,V,DVTLAM,1,B,0.69,15*12
$PSCMSM2,133237.00,V,DVTLAM,1,R,-18.63,15*1C
$PSCMSM2,133237.00,V,DVTLAM,1,P,0.50,15*0A
$PSCMSM2,133237.00,A,DVTLAM,1,S,39.69,15*2E
$PSCMSM2,133237.00,A,DVTLAS,1,P,-0.13,15*29
$PSCMSM2,133238.00,V,DVTLAS,1,A,1.25,15*09
$PSCMSM2,133238.00,V,DVTLAS,1,B,0.88,15*0C
$PSCMSM2,133238.00,V,DVTLAS,1,R,-17.19,15*0F
$PSCMSM2,133238.00,A,TS,5,C,0.00,15*01
$PSCMSM2,133238.00,V,TS,5,F,0.00,15*13
$PSCMSM2,133238.00,V,TS,5,O,6.81,15*15
$PSCMSM2,133238.00,V,TS,5,H,6.81,15*12
$PSCMSM2,133238.00,A,DP,1,,257.31,0*63
$PSCMSM2,133238.00,V,TLT,1,B,,0*72
$PSCMSM2,133238.00,V,TLT,1,A,,0*71
$PSCMSM2,133238.00,V,TLT,1,R,,0*62
$PSCMSM2,133238.00,V,TLT,1,P,,0*60
$PSCMSM2,133238.00,V,CVTLAM,1,,15.00,15*63
$PSCMGLL,4749.8805,N,05336.1037,W,113605.00,A,A*6C
$PSCMVTG,216.50,T,234.90,M,3.13,N,5.80,K,A*39
$PSCMZDA,133240.00,27,04,2017,03,00*7D
$PSCMDBS,1598.59,f,487.25,M,266.43,F*1B
$PSCMWLP,133240.00,500.00,M,0.00,M*46
$PSCMWTP,133240.00,0.00,T*11
$PSCMWLS,133240.00,500.00,M,0.00,M*45
$PSCMWTS,133240.00,0.00,T*12