$PSCMSM2,130126.00,V,DVTLAM,1,B,0.75,15*1F
$PSCMSM2,130126.00,V,DVTLAM,1,A,1.31,15*1D
$PSCMSM2,130126.00,V,DVTLAM,1,R,-10.94,15*1C
$PSCMSM2,130126.00,V,DVTLAM,1,P,-7.88,15*25
$PSCMSM2,130126.00,A,DVTLAM,1,S,49.75,15*24
$PSCMSM2,130126.00,A,DVTLAS,1,A,2.25,15*12
$PSCMSM2,130126.00,V,DVTLAS,1,B,0.81,15*0A
$PSCMSM2,130126.00,V,DVTLAS,1,R,-5.63,15*3E
$PSCMSM2,130127.00,V,DVTLAS,1,P,-6.06,15*3D
$PSCMSM2,130127.00,V,TS,5,C,0.00,15*18
$PSCMSM2,130127.00,V,TS,5,F,0.00,15*1D
$PSCMSM2,130127.00,V,TS,5,O,5.56,15*12
$PSCMSM2,130127.00,V,TS,5,H,5.56,15*15
$PSCMSM2,130127.00,A,TSP,1,X,0.27,1*70
$PSCMSM2,130127.00,V,TSP,1,Y,2.33,1*61
$PSCMSM2,130127.00,V,TLT,1,B,,0*7C
$PSCMSM2,130127.00,V,TLT,1,A,,0*7F
$PSCMSM2,130127.00,V,TLT,1,R,,0*6C
$PSCMSM2,130127.00,V,TLT,1,P,,0*6E
$PSCMSM2,130127.00,V,CVTLAM,1,,17.13,15*6D
$PSCMGLL,4751.2485,N,05335.3869,W,110454.00,A,A*6C
$PSCMVTG,211.20,T,229.70,M,3.20,N,5.93,K,A*39
$PSCMZDA,130129.00,27,04,2017,03,00*72
$PSCMDBS,1481.30,f,451.50,M,246.88,F*11
$PSCMWLP,130129.00,2290.00,M,0.00,M*75
$PSCMWTP,130129.00,0.00,T*1E
$PSCMWLS,130129.00,2290.00,M,0.00,M*76
$PSCMWTS,130129.00,0.00,T*1D